TN:
SF:src\polyfills.ts
FNF:0
FNH:0
LF:0
LH:0
BRF:0
BRH:0
end_of_record
TN:
SF:src\test.ts
FNF:0
FNH:0
DA:18,1
DA:23,1
DA:25,1
LF:3
LH:3
BRF:0
BRH:0
end_of_record
TN:
SF:src\app\app.component.ts
FN:9,(anonymous_0)
FNF:1
FNH:1
FNDA:1,(anonymous_0)
DA:8,1
LF:1
LH:1
BRF:0
BRH:0
end_of_record
TN:
SF:src\app\election\election.component.ts
FN:17,(anonymous_0)
FN:28,(anonymous_1)
FN:43,(anonymous_2)
FN:53,(anonymous_3)
FN:60,(anonymous_4)
FNF:5
FNH:5
FNDA:5,(anonymous_0)
FNDA:1,(anonymous_1)
FNDA:1,(anonymous_2)
FNDA:2,(anonymous_3)
FNDA:4,(anonymous_4)
DA:12,1
DA:13,5
DA:14,5
DA:15,5
DA:17,5
DA:20,5
DA:29,1
DA:30,1
DA:33,0
DA:44,1
DA:50,1
DA:54,2
DA:60,2
DA:61,4
DA:65,2
LF:15
LH:14
BRDA:29,0,0,1
BRDA:29,0,1,0
BRDA:54,1,0,2
BRDA:54,1,1,0
BRF:4
BRH:2
end_of_record
TN:
SF:src\app\equation\equation.component.ts
FN:13,(anonymous_0)
FN:15,(anonymous_1)
FN:22,(anonymous_2)
FN:33,(anonymous_3)
FNF:4
FNH:4
FNDA:8,(anonymous_0)
FNDA:1,(anonymous_1)
FNDA:4,(anonymous_2)
FNDA:4,(anonymous_3)
DA:8,1
DA:16,1
DA:17,1
DA:19,1
DA:23,4
DA:24,4
DA:26,4
DA:27,2
DA:29,2
DA:34,4
DA:35,4
DA:37,4
DA:38,1
DA:40,3
LF:14
LH:14
BRDA:26,0,0,2
BRDA:26,0,1,2
BRDA:37,1,0,1
BRDA:37,1,1,3
BRF:4
BRH:4
end_of_record
